0 info it worked if it ends with ok
1 verbose cli [ 'E:\\nodejs\\\\node.exe',
1 verbose cli   'E:\\nodejs\\node_modules\\npm\\bin\\npm-cli.js',
1 verbose cli   'link',
1 verbose cli   'formidable' ]
2 info using npm@2.7.4
3 info using node@v0.12.2
4 verbose node symlink E:\nodejs\\node.exe
5 verbose unbuild node_modules\formidable
6 silly gentlyRm C:\Users\Administrator\Desktop\awesomeFreeMind-nodejs\www\node_modules\formidable is being purged from base C:\Users\Administrator\Desktop\awesomeFreeMind-nodejs\www
7 verbose gentlyRm don't care about contents; nuking C:\Users\Administrator\Desktop\awesomeFreeMind-nodejs\www\node_modules\formidable
8 verbose link symlinking C:\Users\Administrator\AppData\Roaming\npm\node_modules\formidable to C:\Users\Administrator\Desktop\awesomeFreeMind-nodejs\www\node_modules\formidable
9 silly gentlyRm C:\Users\Administrator\Desktop\awesomeFreeMind-nodejs\www\node_modules\formidable is being purged
10 verbose gentlyRm don't care about contents; nuking C:\Users\Administrator\Desktop\awesomeFreeMind-nodejs\www\node_modules\formidable
11 verbose stack Error: EBUSY, symlink 'C:\Users\Administrator\AppData\Roaming\npm\node_modules\formidable'
11 verbose stack     at Error (native)
12 verbose cwd C:\Users\Administrator\Desktop\awesomeFreeMind-nodejs\www
13 error Windows_NT 6.1.7601
14 error argv "E:\\nodejs\\\\node.exe" "E:\\nodejs\\node_modules\\npm\\bin\\npm-cli.js" "link" "formidable"
15 error node v0.12.2
16 error npm  v2.7.4
17 error path C:\Users\Administrator\AppData\Roaming\npm\node_modules\formidable
18 error code EBUSY
19 error errno -4082
20 error EBUSY, symlink 'C:\Users\Administrator\AppData\Roaming\npm\node_modules\formidable'
21 error If you need help, you may report this error at:
21 error     <https://github.com/npm/npm/issues>
22 verbose exit [ -4082, true ]
