[2015-07-30 14:22:11.585] [INFO] SERVER - register: get /static/*
[2015-07-30 14:22:11.592] [INFO] SERVER - register: get /
[2015-07-30 14:22:11.596] [INFO] SERVER - Server running at http://127.0.0.1:8000
[2015-07-30 14:22:11.609] [ERROR] SERVER - TypeError: Cannot read property 'apply' of undefined
[2015-07-30 14:22:11.731] [INFO] SERVER - users has been created!
[2015-07-30 14:22:11.740] [INFO] SERVER - blogs has been created!
[2015-07-30 14:22:11.746] [INFO] SERVER - comments has been created!
[2015-07-30 14:22:58.737] [INFO] SERVER - register: get /static/*
[2015-07-30 14:22:58.744] [INFO] SERVER - register: get /
[2015-07-30 14:22:58.747] [INFO] SERVER - Server running at http://127.0.0.1:8000
[2015-07-30 14:22:58.760] [ERROR] SERVER - TypeError: Cannot read property 'apply' of undefined
[2015-07-30 14:22:59.104] [INFO] SERVER - users has been created!
[2015-07-30 14:22:59.223] [INFO] SERVER - comments has been created!
[2015-07-30 14:22:59.469] [INFO] SERVER - blogs has been created!
[2015-07-30 14:26:19.317] [INFO] SERVER - register: get /static/*
[2015-07-30 14:26:19.324] [INFO] SERVER - register: get /
[2015-07-30 14:26:19.327] [INFO] SERVER - Server running at http://127.0.0.1:8000
[2015-07-30 14:26:19.341] [ERROR] SERVER - TypeError: Cannot read property 'apply' of undefined
[2015-07-30 14:26:19.447] [INFO] SERVER - users has been created!
[2015-07-30 14:26:19.457] [INFO] SERVER - blogs has been created!
[2015-07-30 14:26:19.463] [INFO] SERVER - comments has been created!
[2015-07-30 14:43:48.440] [INFO] SERVER - register: get /static/*
[2015-07-30 14:43:48.446] [INFO] SERVER - register: get /
[2015-07-30 14:44:09.534] [INFO] SERVER - register: get /static/*
[2015-07-30 14:44:09.541] [INFO] SERVER - register: get /
[2015-07-30 14:46:52.899] [INFO] SERVER - register: get /static/*
[2015-07-30 14:46:52.906] [INFO] SERVER - register: get /
[2015-07-30 14:48:27.437] [INFO] SERVER - register: get /static/*
[2015-07-30 14:48:27.444] [INFO] SERVER - register: get /
[2015-07-30 14:48:43.899] [INFO] SERVER - register: get /static/*
[2015-07-30 14:48:43.906] [INFO] SERVER - register: get /
[2015-07-30 14:51:00.825] [INFO] SERVER - register: get /static/*
[2015-07-30 14:51:00.835] [INFO] SERVER - register: get /
[2015-07-30 14:52:17.407] [INFO] SERVER - register: get /static/*
[2015-07-30 14:52:17.417] [INFO] SERVER - register: get /
[2015-07-30 14:52:28.364] [INFO] SERVER - register: get /static/*
[2015-07-30 14:52:28.373] [INFO] SERVER - register: get /
[2015-07-30 14:53:45.694] [INFO] SERVER - register: get /static/*
[2015-07-30 14:53:45.704] [INFO] SERVER - register: get /
[2015-07-30 14:53:45.708] [INFO] SERVER - Server running at http://127.0.0.1:8000
[2015-07-30 14:53:46.067] [INFO] SERVER - users has been created!
[2015-07-30 14:53:46.309] [INFO] SERVER - comments has been created!
[2015-07-30 14:53:46.466] [INFO] SERVER - blogs has been created!
[2015-07-30 14:54:17.286] [INFO] SERVER - register: get /static/*
[2015-07-30 14:54:17.295] [INFO] SERVER - register: get /
[2015-07-30 15:52:08.470] [INFO] SERVER - register: get /static/*
[2015-07-30 15:52:08.476] [INFO] SERVER - register: get /
[2015-07-30 15:52:08.479] [INFO] SERVER - Server running at http://127.0.0.1:8000
[2015-07-30 15:52:08.916] [INFO] SERVER - users has been created!
[2015-07-30 15:52:09.316] [INFO] SERVER - blogs has been created!
[2015-07-30 15:52:09.576] [INFO] SERVER - comments has been created!
